13:57:31 24/04/2018 ERROR: [Main()] - Starting Application
14:16:21 24/04/2018 ERROR: [Main()] - Starting Application
15:44:14 24/04/2018 ERROR: [Main()] - Starting Application
15:46:24 24/04/2018 ERROR: [Main()] - Starting Application
15:51:43 24/04/2018 ERROR: [Main()] - Starting Application
15:55:08 24/04/2018 ERROR: [Main()] - Starting Application
15:58:23 24/04/2018 ERROR: [Main()] - Starting Application
15:59:17 24/04/2018 ERROR: [Main()] - Starting Application
16:04:01 24/04/2018 ERROR: [Main()] - Starting Application
16:09:37 24/04/2018 ERROR: [Main()] - Starting Application
16:11:07 24/04/2018 ERROR: [Main()] - Starting Application
09:28:49 25/04/2018 ERROR: [Main()] - Starting Application
10:14:15 25/04/2018 INFO: [Main()] - Starting Application
10:22:19 25/04/2018 INFO: [Main()] - Starting Application
11:24:50 25/04/2018 INFO: [Main()] - Starting Application
11:34:11 25/04/2018 INFO: [Main()] - Starting Application
11:35:08 25/04/2018 INFO: [Main()] - Starting Application
11:35:47 25/04/2018 INFO: [Main()] - Starting Application
11:58:22 25/04/2018 INFO: [Main()] - Starting Application
11:59:37 25/04/2018 INFO: [Main()] - Starting Application
12:01:46 25/04/2018 INFO: [Main()] - Starting Application
15:59:35 25/04/2018 INFO: [Main()] - Starting Application
16:08:18 25/04/2018 INFO: [Main()] - Starting Application
16:09:15 25/04/2018 INFO: [Main()] - Starting Application
16:11:03 25/04/2018 INFO: [Main()] - Starting Application
16:13:09 25/04/2018 INFO: [Main()] - Starting Application
16:15:24 25/04/2018 INFO: [Main()] - Starting Application
16:16:53 25/04/2018 INFO: [Main()] - Starting Application
16:17:37 25/04/2018 INFO: [Main()] - Starting Application
16:20:29 25/04/2018 INFO: [Main()] - Starting Application
16:24:11 25/04/2018 INFO: [Main()] - Starting Application
16:30:50 25/04/2018 INFO: [Main()] - Starting Application
16:54:41 25/04/2018 INFO: [Main()] - Starting Application
16:59:03 25/04/2018 INFO: [Main()] - Starting Application
11:29:47 26/04/2018 INFO: [Main()] - Starting Application
11:52:07 26/04/2018 INFO: [Main()] - Starting Application
11:57:40 26/04/2018 INFO: [Main()] - Starting Application
11:58:31 26/04/2018 INFO: [Main()] - Starting Application
12:20:23 26/04/2018 INFO: [Main()] - Starting Application
13:55:56 26/04/2018 INFO: [Main()] - Starting Application
13:56:10 26/04/2018 ERROR: [lstItems_DoubleClick] - Object reference not set to an instance of an object.
13:56:38 26/04/2018 INFO: [Main()] - Starting Application
13:56:48 26/04/2018 ERROR: [lstItems_DoubleClick] - Object reference not set to an instance of an object.
13:57:30 26/04/2018 INFO: [Main()] - Starting Application
13:58:39 26/04/2018 ERROR: [lstItems_DoubleClick] - Object reference not set to an instance of an object.
13:59:01 26/04/2018 INFO: [Main()] - Starting Application
13:59:56 26/04/2018 ERROR: [lstItems_DoubleClick] - Object reference not set to an instance of an object.
14:00:22 26/04/2018 INFO: [Main()] - Starting Application
14:02:15 26/04/2018 ERROR: [lstItems_DoubleClick] - Object reference not set to an instance of an object.
14:08:31 26/04/2018 INFO: [Main()] - Starting Application
14:09:48 26/04/2018 ERROR: [lstItems_DoubleClick] - Object reference not set to an instance of an object.
14:10:05 26/04/2018 INFO: [Main()] - Starting Application
14:14:00 26/04/2018 INFO: [Main()] - Starting Application
14:18:08 26/04/2018 INFO: [Main()] - Starting Application
14:19:07 26/04/2018 INFO: [Main()] - Starting Application
14:29:20 26/04/2018 INFO: [Main()] - Starting Application
14:29:59 26/04/2018 INFO: [Main()] - Starting Application
14:43:05 26/04/2018 INFO: [Main()] - Starting Application
14:45:46 26/04/2018 INFO: [Main()] - Starting Application
09:58:26 30/04/2018 INFO: [Main()] - Starting Application
10:07:34 30/04/2018 INFO: [Main()] - Starting Application
10:09:47 30/04/2018 INFO: [Main()] - Starting Application
10:17:17 30/04/2018 INFO: [Main()] - Starting Application
10:20:37 30/04/2018 INFO: [Main()] - Starting Application
10:28:16 30/04/2018 INFO: [Main()] - Starting Application
10:29:31 30/04/2018 INFO: [Main()] - Starting Application
10:39:43 30/04/2018 INFO: [Main()] - Starting Application
10:43:22 30/04/2018 INFO: [Main()] - Starting Application
15:14:09 01/05/2018 INFO: [Main()] - Starting Application
15:14:45 01/05/2018 ERROR: [ExtractPlayerDetails] - Object reference not set to an instance of an object.
15:15:53 01/05/2018 INFO: [Main()] - Starting Application
15:17:30 01/05/2018 INFO: [Main()] - Starting Application
15:24:32 01/05/2018 INFO: [Main()] - Starting Application
15:31:04 01/05/2018 INFO: [Main()] - Starting Application
15:49:46 01/05/2018 INFO: [Main()] - Starting Application
15:50:53 01/05/2018 INFO: [Main()] - Starting Application
15:51:47 01/05/2018 INFO: [Main()] - Starting Application
09:14:38 08/05/2018 INFO: [Main()] - Starting Application
10:01:18 10/05/2018 INFO: [Main()] - Starting Application
10:14:13 14/05/2018 INFO: [Main()] - Starting Application
11:10:38 14/05/2018 INFO: [Main()] - Starting Application
11:11:00 14/05/2018 ERROR: [ExtractPlayerDetails] - Index was out of range. Must be non-negative and less than the size of the collection.
Parameter name: startIndex
11:11:19 14/05/2018 INFO: [Main()] - Starting Application
11:11:33 14/05/2018 ERROR: [ExtractPlayerDetails] - Index was out of range. Must be non-negative and less than the size of the collection.
Parameter name: startIndex
11:15:16 14/05/2018 INFO: [Main()] - Starting Application
11:42:27 14/05/2018 INFO: [Main()] - Starting Application
11:58:32 14/05/2018 INFO: [Main()] - Starting Application
12:07:37 14/05/2018 INFO: [Main()] - Starting Application
12:13:02 14/05/2018 INFO: [Main()] - Starting Application
12:24:11 14/05/2018 INFO: [Main()] - Starting Application
13:24:22 14/05/2018 INFO: [Main()] - Starting Application
13:32:16 14/05/2018 INFO: [Main()] - Starting Application
13:34:49 14/05/2018 INFO: [Main()] - Starting Application
13:36:26 14/05/2018 INFO: [Main()] - Starting Application
13:51:22 14/05/2018 INFO: [Main()] - Starting Application
14:02:12 14/05/2018 INFO: [Main()] - Starting Application
16:58:32 14/05/2018 INFO: [Main()] - Starting Application
10:50:52 15/05/2018 INFO: [Main()] - Starting Application
10:44:00 02/06/2018 INFO: [Main()] - Starting Application
15:40:17 03/06/2018 INFO: [Main()] - Starting Application
15:58:42 03/06/2018 INFO: [Main()] - Starting Application
09:51:33 05/06/2018 INFO: [Main()] - Starting Application
10:16:14 12/06/2018 INFO: [Main()] - Starting Application
10:18:13 12/06/2018 INFO: [Main()] - Starting Application
10:19:58 12/06/2018 INFO: [Main()] - Starting Application
09:34:36 18/06/2018 INFO: [Main()] - Starting Application
09:35:48 18/06/2018 INFO: [Main()] - Starting Application
09:40:18 18/06/2018 INFO: [Main()] - Starting Application
09:44:05 25/06/2018 INFO: [Main()] - Starting Application
10:30:37 02/07/2018 INFO: [Main()] - Starting Application
09:32:04 03/07/2018 INFO: [Main()] - Starting Application
10:07:13 09/07/2018 INFO: [Main()] - Starting Application
10:10:51 09/07/2018 INFO: [Main()] - Starting Application
08:52:07 16/07/2018 INFO: [Main()] - Starting Application
10:12:39 23/07/2018 INFO: [Main()] - Starting Application
10:49:40 23/07/2018 INFO: [Main()] - Starting Application
11:01:24 24/07/2018 INFO: [Main()] - Starting Application
15:35:00 24/07/2018 INFO: [Main()] - Starting Application
15:35:57 24/07/2018 INFO: [Main()] - Starting Application
09:46:38 31/07/2018 INFO: [Main()] - Starting Application
09:55:11 31/07/2018 INFO: [Main()] - Starting Application
10:17:18 09/08/2018 INFO: [Main()] - Starting Application
15:55:50 09/08/2018 INFO: [Main()] - Starting Application
09:04:02 03/09/2018 INFO: [Main()] - Starting Application
15:09:31 10/09/2018 INFO: [Main()] - Starting Application
09:10:45 17/09/2018 INFO: [Main()] - Starting Application
15:23:55 25/09/2018 INFO: [Main()] - Starting Application
10:17:23 01/10/2018 INFO: [Main()] - Starting Application
09:11:52 15/10/2018 INFO: [Main()] - Starting Application
09:56:10 22/10/2018 INFO: [Main()] - Starting Application
11:54:53 23/10/2018 INFO: [Main()] - Starting Application
12:15:03 23/10/2018 INFO: [Main()] - Starting Application
12:30:54 26/10/2018 INFO: [Main()] - Starting Application
15:45:45 09/11/2018 INFO: [Main()] - Starting Application
15:46:39 09/11/2018 INFO: [Main()] - Starting Application
15:47:03 09/11/2018 INFO: [Main()] - Starting Application
15:47:30 09/11/2018 INFO: [Main()] - Starting Application
15:47:58 09/11/2018 INFO: [Main()] - Starting Application
15:52:44 09/11/2018 INFO: [Main()] - Starting Application
16:11:55 09/11/2018 INFO: [Main()] - Starting Application
16:17:02 09/11/2018 INFO: [Main()] - Starting Application
16:18:50 09/11/2018 INFO: [Main()] - Starting Application
16:19:02 09/11/2018 ERROR: [ExtractPlayerDetails] - Index and length must refer to a location within the string.
Parameter name: length
16:20:50 09/11/2018 INFO: [Main()] - Starting Application
16:24:13 09/11/2018 INFO: [Main()] - Starting Application
14:35:05 20/11/2018 INFO: [Main()] - Starting Application
09:58:45 10/12/2018 INFO: [Main()] - Starting Application
09:59:56 10/12/2018 INFO: [Main()] - Starting Application
10:00:59 10/12/2018 INFO: [Main()] - Starting Application
10:38:51 07/01/2019 INFO: [Main()] - Starting Application
11:18:59 07/01/2019 INFO: [Main()] - Starting Application
12:03:39 07/01/2019 INFO: [Main()] - Starting Application
11:08:17 08/01/2019 INFO: [Main()] - Starting Application
11:09:32 08/01/2019 INFO: [Main()] - Starting Application
11:16:00 08/01/2019 INFO: [Main()] - Starting Application
08:54:59 15/01/2019 INFO: [Main()] - Starting Application
09:01:03 21/01/2019 INFO: [Main()] - Starting Application
09:04:43 28/01/2019 INFO: [Main()] - Starting Application
11:54:55 28/01/2019 INFO: [Main()] - Starting Application
11:57:02 28/01/2019 INFO: [Main()] - Starting Application
11:58:23 28/01/2019 INFO: [Main()] - Starting Application
11:59:19 28/01/2019 INFO: [Main()] - Starting Application
12:01:22 28/01/2019 INFO: [Main()] - Starting Application
12:02:07 28/01/2019 INFO: [Main()] - Starting Application
12:05:12 28/01/2019 INFO: [Main()] - Starting Application
12:06:31 28/01/2019 INFO: [Main()] - Starting Application
12:07:24 28/01/2019 INFO: [Main()] - Starting Application
12:10:29 28/01/2019 INFO: [Main()] - Starting Application
12:18:48 28/01/2019 INFO: [Main()] - Starting Application
